#
# There is insufficient memory for the Java Runtime Environment to continue.
# Native memory allocation (malloc) failed to allocate 32744 bytes for ChunkPool::allocate
# Possible reasons:
#   The system is out of physical RAM or swap space
#   In 32 bit mode, the process size limit was hit
# Possible solutions:
#   Reduce memory load on the system
#   Increase physical memory or swap space
#   Check if swap backing store is full
#   Use 64 bit Java on a 64 bit OS
#   Decrease Java heap size (-Xmx/-Xms)
#   Decrease number of Java threads
#   Decrease Java thread stack sizes (-Xss)
#   Set larger code cache with -XX:ReservedCodeCacheSize=
# This output file may be truncated or incomplete.
#
#  Out of Memory Error (allocation.cpp:273), pid=7844, tid=7088
#
# JRE version: Java(TM) SE Runtime Environment (8.0_60-b27) (build 1.8.0_60-b27)
# Java VM: Java HotSpot(TM) 64-Bit Server VM (25.60-b23 mixed mode windows-amd64 compressed oops)
# Failed to write core dump. Minidumps are not enabled by default on client versions of Windows
#

---------------  T H R E A D  ---------------

Current thread (0x0000000019657800):  JavaThread "C2 CompilerThread0" daemon [_thread_in_native, id=7088, stack(0x0000000019c30000,0x0000000019d30000)]

Stack: [0x0000000019c30000,0x0000000019d30000]
[error occurred during error reporting (printing stack bounds), id 0xc0000005]

Native frames: (J=compiled Java code, j=interpreted, Vv=VM code, C=native code)


Current CompileTask:
C2:   2666   58 %     4       cube.Solve::toSolve @ 135 (725 bytes)


---------------  P R O C E S S  ---------------

Java Threads: ( => current thread )
  0x00000000196fa000 JavaThread "Service Thread" daemon [_thread_blocked, id=8196, stack(0x000000001a030000,0x000000001a130000)]
  0x00000000196b2000 JavaThread "C1 CompilerThread3" daemon [_thread_blocked, id=5932, stack(0x0000000019f30000,0x000000001a030000)]
  0x0000000019689800 JavaThread "C2 CompilerThread2" daemon [_thread_blocked, id=4528, stack(0x0000000019e30000,0x0000000019f30000)]
  0x000000001965d800 JavaThread "C2 CompilerThread1" daemon [_thread_blocked, id=3328, stack(0x0000000019d30000,0x0000000019e30000)]
=>0x0000000019657800 JavaThread "C2 CompilerThread0" daemon [_thread_in_native, id=7088, stack(0x0000000019c30000,0x0000000019d30000)]
  0x0000000019656000 JavaThread "Attach Listener" daemon [_thread_blocked, id=7216, stack(0x0000000019b30000,0x0000000019c30000)]
  0x0000000019655000 JavaThread "Signal Dispatcher" daemon [_thread_blocked, id=6024, stack(0x0000000019a30000,0x0000000019b30000)]
  0x0000000002528800 JavaThread "Finalizer" daemon [_thread_blocked, id=5988, stack(0x0000000019440000,0x0000000019540000)]
  0x000000001754d800 JavaThread "Reference Handler" daemon [_thread_blocked, id=3916, stack(0x0000000019340000,0x0000000019440000)]
  0x0000000002430800 JavaThread "main" [_thread_in_Java, id=5036, stack(0x00000000022d0000,0x00000000023d0000)]

Other Threads:
  0x0000000017549000 VMThread [stack: 0x0000000019240000,0x0000000019340000] [id=7432]
  0x0000000019703000 WatcherThread [stack: 0x000000001a130000,0x000000001a230000] [id=740]

VM state:not at safepoint (normal execution)

VM Mutex/Monitor currently owned by a thread: None

Heap:
 PSYoungGen      total 71680K, used 29350K [0x00000000d5800000, 0x00000000da300000, 0x0000000100000000)
  eden space 66560K, 44% used [0x00000000d5800000,0x00000000d7499aa8,0x00000000d9900000)
  from space 5120K, 1% used [0x00000000d9900000,0x00000000d9910000,0x00000000d9e00000)
  to   space 5120K, 0% used [0x00000000d9e00000,0x00000000d9e00000,0x00000000da300000)
 ParOldGen       total 87552K, used 332K [0x0000000080800000, 0x0000000085d80000, 0x00000000d5800000)
  object space 87552K, 0% used [0x0000000080800000,0x0000000080853060,0x0000000085d80000)
 Metaspace       used 2552K, capacity 4564K, committed 4864K, reserved 1056768K
  class space    used 283K, capacity 388K, committed 512K, reserved 1048576K

Card table byte_map: [0x00000000118f0000,0x0000000011cf0000] byte_map_base: 0x00000000114ec000

Marking Bits: (ParMarkBitMap*) 0x000000005865a5b0
 Begin Bits: [0x00000000127a0000, 0x0000000014780000)
 End Bits:   [0x0000000014780000, 0x0000000016760000)

Polling page: 0x0000000000a60000

CodeCache: size=245760Kb used=1270Kb max_used=1270Kb free=244489Kb
 bounds [0x0000000002530000, 0x00000000027a0000, 0x0000000011530000]
 total_blobs=288 nmethods=57 adapters=146
 compilation: enabled

Compilation events (10 events):
Event: 0.361 Thread 0x000000001965d800 nmethod 52 0x0000000002651a10 code [0x0000000002651ba0, 0x0000000002652398]
Event: 0.361 Thread 0x000000001965d800   55       4       cube.Move::l (770 bytes)
Event: 0.365 Thread 0x0000000019657800 nmethod 53 0x0000000002654650 code [0x00000000026547e0, 0x0000000002654fd8]
Event: 0.370 Thread 0x0000000019689800 nmethod 54 0x0000000002655350 code [0x00000000026554e0, 0x0000000002655cd8]
Event: 0.373 Thread 0x000000001965d800 nmethod 55 0x0000000002656050 code [0x00000000026561e0, 0x00000000026569d8]
Event: 0.612 Thread 0x00000000196b2000   56 %     3       cube.Solve::toSolve @ 135 (725 bytes)
Event: 0.629 Thread 0x00000000196b2000 nmethod 56% 0x0000000002656d50 code [0x00000000026576e0, 0x000000000265e6a8]
Event: 0.634 Thread 0x00000000196b2000   57       3       cube.Solve::toSolve (725 bytes)
Event: 0.649 Thread 0x00000000196b2000 nmethod 57 0x0000000002664850 code [0x00000000026651e0, 0x000000000266bdc8]
Event: 0.796 Thread 0x0000000019657800   58 %     4       cube.Solve::toSolve @ 135 (725 bytes)

GC Heap History (10 events):
Event: 2.231 GC heap before
{Heap before GC invocations=21 (full 0):
 PSYoungGen      total 71680K, used 66592K [0x00000000d5800000, 0x00000000da300000, 0x0000000100000000)
  eden space 66560K, 100% used [0x00000000d5800000,0x00000000d9900000,0x00000000d9900000)
  from space 5120K, 0% used [0x00000000d9e00000,0x00000000d9e08000,0x00000000da300000)
  to   space 5120K, 0% used [0x00000000d9900000,0x00000000d9900000,0x00000000d9e00000)
 ParOldGen       total 87552K, used 332K [0x0000000080800000, 0x0000000085d80000, 0x00000000d5800000)
  object space 87552K, 0% used [0x0000000080800000,0x0000000080853060,0x0000000085d80000)
 Metaspace       used 2552K, capacity 4564K, committed 4864K, reserved 1056768K
  class space    used 283K, capacity 388K, committed 512K, reserved 1048576K
Event: 2.233 GC heap after
Heap after GC invocations=21 (full 0):
 PSYoungGen      total 71680K, used 32K [0x00000000d5800000, 0x00000000da300000, 0x0000000100000000)
  eden space 66560K, 0% used [0x00000000d5800000,0x00000000d5800000,0x00000000d9900000)
  from space 5120K, 0% used [0x00000000d9900000,0x00000000d9908000,0x00000000d9e00000)
  to   space 5120K, 0% used [0x00000000d9e00000,0x00000000d9e00000,0x00000000da300000)
 ParOldGen       total 87552K, used 332K [0x0000000080800000, 0x0000000085d80000, 0x00000000d5800000)
  object space 87552K, 0% used [0x0000000080800000,0x0000000080853060,0x0000000085d80000)
 Metaspace       used 2552K, capacity 4564K, committed 4864K, reserved 1056768K
  class space    used 283K, capacity 388K, committed 512K, reserved 1048576K
}
Event: 2.330 GC heap before
{Heap before GC invocations=22 (full 0):
 PSYoungGen      total 71680K, used 66592K [0x00000000d5800000, 0x00000000da300000, 0x0000000100000000)
  eden space 66560K, 100% used [0x00000000d5800000,0x00000000d9900000,0x00000000d9900000)
  from space 5120K, 0% used [0x00000000d9900000,0x00000000d9908000,0x00000000d9e00000)
  to   space 5120K, 0% used [0x00000000d9e00000,0x00000000d9e00000,0x00000000da300000)
 ParOldGen       total 87552K, used 332K [0x0000000080800000, 0x0000000085d80000, 0x00000000d5800000)
  object space 87552K, 0% used [0x0000000080800000,0x0000000080853060,0x0000000085d80000)
 Metaspace       used 2552K, capacity 4564K, committed 4864K, reserved 1056768K
  class space    used 283K, capacity 388K, committed 512K, reserved 1048576K
Event: 2.332 GC heap after
Heap after GC invocations=22 (full 0):
 PSYoungGen      total 71680K, used 32K [0x00000000d5800000, 0x00000000da300000, 0x0000000100000000)
  eden space 66560K, 0% used [0x00000000d5800000,0x00000000d5800000,0x00000000d9900000)
  from space 5120K, 0% used [0x00000000d9e00000,0x00000000d9e08000,0x00000000da300000)
  to   space 5120K, 0% used [0x00000000d9900000,0x00000000d9900000,0x00000000d9e00000)
 ParOldGen       total 87552K, used 332K [0x0000000080800000, 0x0000000085d80000, 0x00000000d5800000)
  object space 87552K, 0% used [0x0000000080800000,0x0000000080853060,0x0000000085d80000)
 Metaspace       used 2552K, capacity 4564K, committed 4864K, reserved 1056768K
  class space    used 283K, capacity 388K, committed 512K, reserved 1048576K
}
Event: 2.434 GC heap before
{Heap before GC invocations=23 (full 0):
 PSYoungGen      total 71680K, used 66592K [0x00000000d5800000, 0x00000000da300000, 0x0000000100000000)
  eden space 66560K, 100% used [0x00000000d5800000,0x00000000d9900000,0x00000000d9900000)
  from space 5120K, 0% used [0x00000000d9e00000,0x00000000d9e08000,0x00000000da300000)
  to   space 5120K, 0% used [0x00000000d9900000,0x00000000d9900000,0x00000000d9e00000)
 ParOldGen       total 87552K, used 332K [0x0000000080800000, 0x0000000085d80000, 0x00000000d5800000)
  object space 87552K, 0% used [0x0000000080800000,0x0000000080853060,0x0000000085d80000)
 Metaspace       used 2552K, capacity 4564K, committed 4864K, reserved 1056768K
  class space    used 283K, capacity 388K, committed 512K, reserved 1048576K
Event: 2.437 GC heap after
Heap after GC invocations=23 (full 0):
 PSYoungGen      total 71680K, used 64K [0x00000000d5800000, 0x00000000da300000, 0x0000000100000000)
  eden space 66560K, 0% used [0x00000000d5800000,0x00000000d5800000,0x00000000d9900000)
  from space 5120K, 1% used [0x00000000d9900000,0x00000000d9910000,0x00000000d9e00000)
  to   space 5120K, 0% used [0x00000000d9e00000,0x00000000d9e00000,0x00000000da300000)
 ParOldGen       total 87552K, used 332K [0x0000000080800000, 0x0000000085d80000, 0x00000000d5800000)
  object space 87552K, 0% used [0x0000000080800000,0x0000000080853060,0x0000000085d80000)
 Metaspace       used 2552K, capacity 4564K, committed 4864K, reserved 1056768K
  class space    used 283K, capacity 388K, committed 512K, reserved 1048576K
}
Event: 2.514 GC heap before
{Heap before GC invocations=24 (full 0):
 PSYoungGen      total 71680K, used 66624K [0x00000000d5800000, 0x00000000da300000, 0x0000000100000000)
  eden space 66560K, 100% used [0x00000000d5800000,0x00000000d9900000,0x00000000d9900000)
  from space 5120K, 1% used [0x00000000d9900000,0x00000000d9910000,0x00000000d9e00000)
  to   space 5120K, 0% used [0x00000000d9e00000,0x00000000d9e00000,0x00000000da300000)
 ParOldGen       total 87552K, used 332K [0x0000000080800000, 0x0000000085d80000, 0x00000000d5800000)
  object space 87552K, 0% used [0x0000000080800000,0x0000000080853060,0x0000000085d80000)
 Metaspace       used 2552K, capacity 4564K, committed 4864K, reserved 1056768K
  class space    used 283K, capacity 388K, committed 512K, reserved 1048576K
Event: 2.524 GC heap after
Heap after GC invocations=24 (full 0):
 PSYoungGen      total 71680K, used 64K [0x00000000d5800000, 0x00000000da300000, 0x0000000100000000)
  eden space 66560K, 0% used [0x00000000d5800000,0x00000000d5800000,0x00000000d9900000)
  from space 5120K, 1% used [0x00000000d9e00000,0x00000000d9e10000,0x00000000da300000)
  to   space 5120K, 0% used [0x00000000d9900000,0x00000000d9900000,0x00000000d9e00000)
 ParOldGen       total 87552K, used 332K [0x0000000080800000, 0x0000000085d80000, 0x00000000d5800000)
  object space 87552K, 0% used [0x0000000080800000,0x0000000080853060,0x0000000085d80000)
 Metaspace       used 2552K, capacity 4564K, committed 4864K, reserved 1056768K
  class space    used 283K, capacity 388K, committed 512K, reserved 1048576K
}
Event: 2.625 GC heap before
{Heap before GC invocations=25 (full 0):
 PSYoungGen      total 71680K, used 66624K [0x00000000d5800000, 0x00000000da300000, 0x0000000100000000)
  eden space 66560K, 100% used [0x00000000d5800000,0x00000000d9900000,0x00000000d9900000)
  from space 5120K, 1% used [0x00000000d9e00000,0x00000000d9e10000,0x00000000da300000)
  to   space 5120K, 0% used [0x00000000d9900000,0x00000000d9900000,0x00000000d9e00000)
 ParOldGen       total 87552K, used 332K [0x0000000080800000, 0x0000000085d80000, 0x00000000d5800000)
  object space 87552K, 0% used [0x0000000080800000,0x0000000080853060,0x0000000085d80000)
 Metaspace       used 2552K, capacity 4564K, committed 4864K, reserved 1056768K
  class space    used 283K, capacity 388K, committed 512K, reserved 1048576K
Event: 2.627 GC heap after
Heap after GC invocations=25 (full 0):
 PSYoungGen      total 71680K, used 64K [0x00000000d5800000, 0x00000000da300000, 0x0000000100000000)
  eden space 66560K, 0% used [0x00000000d5800000,0x00000000d5800000,0x00000000d9900000)
  from space 5120K, 1% used [0x00000000d9900000,0x00000000d9910000,0x00000000d9e00000)
  to   space 5120K, 0% used [0x00000000d9e00000,0x00000000d9e00000,0x00000000da300000)
 ParOldGen       total 87552K, used 332K [0x0000000080800000, 0x0000000085d80000, 0x00000000d5800000)
  object space 87552K, 0% used [0x0000000080800000,0x0000000080853060,0x0000000085d80000)
 Metaspace       used 2552K, capacity 4564K, committed 4864K, reserved 1056768K
  class space    used 283K, capacity 388K, committed 512K, reserved 1048576K
}

Deoptimization events (0 events):
No events

Internal exceptions (2 events):
Event: 0.113 Thread 0x0000000002430800 Exception <a 'java/lang/NoSuchMethodError': Method sun.misc.Unsafe.defineClass(Ljava/lang/String;[BII)Ljava/lang/Class; name or signature does not match> (0x00000000d5812fd0) thrown at [C:\re\workspace\8-2-build-windows-amd64-cygwin\jdk8u60\4407\hotspot\sr"0ßç
Ω?
Event: 0.113 Thread 0x0000000002430800 Exception <a 'java/lang/NoSuchMethodError': Method sun.misc.Unsafe.prefetchRead(Ljava/lang/Object;J)V name or signature does not match> (0x00000000d58132b8) thrown at [C:\re\workspace\8-2-build-windows-amd64-cygwin\jdk8u60\4407\hotspot\src\share\vm\prims\j

Events (10 events):
Event: 2.230 Executing VM operation: ParallelGCFailedAllocation
Event: 2.233 Executing VM operation: ParallelGCFailedAllocation done
Event: 2.330 Executing VM operation: ParallelGCFailedAllocation
Event: 2.332 Executing VM operation: ParallelGCFailedAllocation done
Event: 2.434 Executing VM operation: ParallelGCFailedAllocation
Event: 2.438 Executing VM operation: ParallelGCFailedAllocation done
Event: 2.514 Executing VM operation: ParallelGCFailedAllocation
Event: 2.524 Executing VM operation: ParallelGCFailedAllocation done
Event: 2.624 Executing VM operation: ParallelGCFailedAllocation
Event: 2.627 Executing VM operation: ParallelGCFailedAllocation done


Dynamic libraries:
0x00007ff7c4ad0000 - 0x00007ff7c4b07000 	C:\Program Files\Java\jre1.8.0_60\bin\javaw.exe
0x00007ffa93270000 - 0x00007ffa93434000 	C:\WINDOWS\SYSTEM32\ntdll.dll
0x00007ffa93030000 - 0x00007ffa930de000 	C:\WINDOWS\system32\KERNEL32.DLL
0x00007ffa90560000 - 0x00007ffa90745000 	C:\WINDOWS\system32\KERNELBASE.dll
0x00007ffa911b0000 - 0x00007ffa91256000 	C:\WINDOWS\system32\ADVAPI32.dll
0x00007ffa91410000 - 0x00007ffa914ad000 	C:\WINDOWS\system32\msvcrt.dll
0x00007ffa907e0000 - 0x00007ffa9083b000 	C:\WINDOWS\system32\sechost.dll
0x00007ffa93140000 - 0x00007ffa9326c000 	C:\WINDOWS\system32\RPCRT4.dll
0x00007ffa92d00000 - 0x00007ffa92e56000 	C:\WINDOWS\system32\USER32.dll
0x00007ffa92e60000 - 0x00007ffa92fe9000 	C:\WINDOWS\system32\GDI32.dll
0x00007ffa83050000 - 0x00007ffa832c2000 	C:\WINDOWS\WinSxS\amd64_microsoft.windows.common-controls_6595b64144ccf1df_6.0.10547.0_none_8c16aeec515d3435\COMCTL32.dll
0x00007ffa92ff0000 - 0x00007ffa9302b000 	C:\WINDOWS\system32\IMM32.DLL
0x0000000057bc0000 - 0x0000000057c92000 	C:\Program Files\Java\jre1.8.0_60\bin\msvcr100.dll
0x0000000057e50000 - 0x00000000586d9000 	C:\Program Files\Java\jre1.8.0_60\bin\server\jvm.dll
0x00007ffa914b0000 - 0x00007ffa914b8000 	C:\WINDOWS\system32\PSAPI.DLL
0x00007ffa8aa40000 - 0x00007ffa8aa49000 	C:\WINDOWS\SYSTEM32\WSOCK32.dll
0x00007ffa92b60000 - 0x00007ffa92bcb000 	C:\WINDOWS\system32\WS2_32.dll
0x00007ffa8d990000 - 0x00007ffa8d9b3000 	C:\WINDOWS\SYSTEM32\WINMM.dll
0x00007ffa8cc50000 - 0x00007ffa8cc5a000 	C:\WINDOWS\SYSTEM32\VERSION.dll
0x00007ffa8d930000 - 0x00007ffa8d95c000 	C:\WINDOWS\SYSTEM32\WINMMBASE.dll
0x00007ffa90510000 - 0x00007ffa90554000 	C:\WINDOWS\system32\cfgmgr32.dll
0x0000000057d60000 - 0x0000000057d6f000 	C:\Program Files\Java\jre1.8.0_60\bin\verify.dll
0x0000000057d30000 - 0x0000000057d59000 	C:\Program Files\Java\jre1.8.0_60\bin\java.dll
0x0000000057d10000 - 0x0000000057d26000 	C:\Program Files\Java\jre1.8.0_60\bin\zip.dll
0x00007ffa914c0000 - 0x00007ffa92a10000 	C:\WINDOWS\system32\SHELL32.dll
0x00007ffa8fc90000 - 0x00007ffa902c9000 	C:\WINDOWS\system32\windows.storage.dll
0x00007ffa90a20000 - 0x00007ffa90c9b000 	C:\WINDOWS\system32\combase.dll
0x00007ffa904a0000 - 0x00007ffa9050a000 	C:\WINDOWS\system32\bcryptPrimitives.dll
0x00007ffa90780000 - 0x00007ffa907d1000 	C:\WINDOWS\system32\shlwapi.dll
0x00007ffa8fab0000 - 0x00007ffa8fabf000 	C:\WINDOWS\system32\kernel.appcore.dll
0x00007ffa90380000 - 0x00007ffa90433000 	C:\WINDOWS\system32\shcore.dll
0x00007ffa8fa30000 - 0x00007ffa8fa7a000 	C:\WINDOWS\system32\powrprof.dll
0x00007ffa8fa80000 - 0x00007ffa8fa93000 	C:\WINDOWS\system32\profapi.dll

VM Arguments:
jvm_args: -Dfile.encoding=Cp1251 
java_command: cube.Elements
java_class_path (initial): E:\eclipse\workspace\Cube\bin
Launcher Type: SUN_STANDARD

Environment Variables:
PATH=C:/Program Files/Java/jre1.8.0_60/bin/server;C:/Program Files/Java/jre1.8.0_60/bin;C:/Program Files/Java/jre1.8.0_60/lib/amd64;C:\ProgramData\Oracle\Java\javapath;C:\Program Files (x86)\NVIDIA Corporation\PhysX\Common;C:\WINDOWS\system32;C:\WINDOWS;C:\WINDOWS\System32\Wbem;C:\WINDOWS\System32\WindowsPowerShell\v1.0\;C:\Program Files (x86)\ATI Technologies\ATI.ACE\Core-Static;C:\Program Files (x86)\AMD\ATI.ACE\Core-Static;C:\Program Files (x86)\Skype\Phone\;E:\eclipse;
USERNAME=faa11
OS=Windows_NT
PROCESSOR_IDENTIFIER=AMD64 Family 21 Model 2 Stepping 0, AuthenticAMD



---------------  S Y S T E M  ---------------

OS: Windows 10.0 , 64 bit Build 10547 (10.0.10547.0)

CPU:total 8 (8 cores per cpu, 1 threads per core) family 21 model 2 stepping 0, cmov, cx8, fxsr, mmx, sse, sse2, sse3, ssse3, sse4.1, sse4.2, popcnt, avx, aes, clmul, mmxext, 3dnowpref, lzcnt, sse4a, tsc, tscinvbit, tscinv, bmi1

Memory: 4k page, physical 8352420k(1891820k free), swap 8352420k(5152k free)

vm_info: Java HotSpot(TM) 64-Bit Server VM (25.60-b23) for windows-amd64 JRE (1.8.0_60-b27), built on Aug  4 2015 11:06:27 by "java_re" with MS VC++ 10.0 (VS2010)

time: Thu Oct 01 22:50:19 2015
elapsed time: 2 seconds (0d 0h 0m 2s)

