#
# There is insufficient memory for the Java Runtime Environment to continue.
# Native memory allocation (malloc) failed to allocate 3875056 bytes for Chunk::new
# Possible reasons:
#   The system is out of physical RAM or swap space
#   In 32 bit mode, the process size limit was hit
# Possible solutions:
#   Reduce memory load on the system
#   Increase physical memory or swap space
#   Check if swap backing store is full
#   Use 64 bit Java on a 64 bit OS
#   Decrease Java heap size (-Xmx/-Xms)
#   Decrease number of Java threads
#   Decrease Java thread stack sizes (-Xss)
#   Set larger code cache with -XX:ReservedCodeCacheSize=
# This output file may be truncated or incomplete.
#
#  Out of Memory Error (allocation.cpp:390), pid=5032, tid=9140
#
# JRE version: Java(TM) SE Runtime Environment (8.0_60-b27) (build 1.8.0_60-b27)
# Java VM: Java HotSpot(TM) 64-Bit Server VM (25.60-b23 mixed mode windows-amd64 compressed oops)
# Failed to write core dump. Minidumps are not enabled by default on client versions of Windows
#

---------------  T H R E A D  ---------------

Current thread (0x0000000019c87800):  JavaThread "C2 CompilerThread0" daemon [_thread_in_native, id=9140, stack(0x000000001a260000,0x000000001a360000)]

Stack: [0x000000001a260000,0x000000001a360000]
[error occurred during error reporting (printing stack bounds), id 0xc0000005]

Native frames: (J=compiled Java code, j=interpreted, Vv=VM code, C=native code)


Current CompileTask:
C2:   1325   57 %     4       cube.Solve::toSolve @ 135 (725 bytes)


---------------  P R O C E S S  ---------------

Java Threads: ( => current thread )
  0x0000000019d27000 JavaThread "Service Thread" daemon [_thread_blocked, id=5192, stack(0x000000001a660000,0x000000001a760000)]
  0x0000000019cd9800 JavaThread "C1 CompilerThread3" daemon [_thread_blocked, id=7324, stack(0x000000001a560000,0x000000001a660000)]
  0x0000000019cc4800 JavaThread "C2 CompilerThread2" daemon [_thread_blocked, id=1420, stack(0x000000001a460000,0x000000001a560000)]
  0x0000000019c91000 JavaThread "C2 CompilerThread1" daemon [_thread_blocked, id=6892, stack(0x000000001a360000,0x000000001a460000)]
=>0x0000000019c87800 JavaThread "C2 CompilerThread0" daemon [_thread_in_native, id=9140, stack(0x000000001a260000,0x000000001a360000)]
  0x0000000019c86000 JavaThread "Attach Listener" daemon [_thread_blocked, id=4504, stack(0x000000001a160000,0x000000001a260000)]
  0x0000000019c85000 JavaThread "Signal Dispatcher" daemon [_thread_blocked, id=9052, stack(0x000000001a060000,0x000000001a160000)]
  0x0000000002b58800 JavaThread "Finalizer" daemon [_thread_blocked, id=4052, stack(0x0000000019a70000,0x0000000019b70000)]
  0x0000000017b7d800 JavaThread "Reference Handler" daemon [_thread_blocked, id=7300, stack(0x0000000019970000,0x0000000019a70000)]
  0x0000000002a60800 JavaThread "main" [_thread_in_Java, id=8844, stack(0x0000000002960000,0x0000000002a60000)]

Other Threads:
  0x0000000017b79000 VMThread [stack: 0x0000000019870000,0x0000000019970000] [id=8660]
  0x0000000019d2a000 WatcherThread [stack: 0x000000001a760000,0x000000001a860000] [id=8456]

VM state:not at safepoint (normal execution)

VM Mutex/Monitor currently owned by a thread: None

Heap:
 PSYoungGen      total 133632K, used 109114K [0x00000000d5800000, 0x00000000ddb00000, 0x0000000100000000)
  eden space 133120K, 81% used [0x00000000d5800000,0x00000000dc27eae0,0x00000000dda00000)
  from space 512K, 12% used [0x00000000dda80000,0x00000000dda90000,0x00000000ddb00000)
  to   space 512K, 0% used [0x00000000dda00000,0x00000000dda00000,0x00000000dda80000)
 ParOldGen       total 87552K, used 344K [0x0000000080800000, 0x0000000085d80000, 0x00000000d5800000)
  object space 87552K, 0% used [0x0000000080800000,0x0000000080856050,0x0000000085d80000)
 Metaspace       used 2552K, capacity 4564K, committed 4864K, reserved 1056768K
  class space    used 283K, capacity 388K, committed 512K, reserved 1048576K

Card table byte_map: [0x0000000011f20000,0x0000000012320000] byte_map_base: 0x0000000011b1c000

Marking Bits: (ParMarkBitMap*) 0x000000005865a5b0
 Begin Bits: [0x0000000012dd0000, 0x0000000014db0000)
 End Bits:   [0x0000000014db0000, 0x0000000016d90000)

Polling page: 0x0000000001030000

CodeCache: size=245760Kb used=1269Kb max_used=1269Kb free=244490Kb
 bounds [0x0000000002b60000, 0x0000000002dd0000, 0x0000000011b60000]
 total_blobs=287 nmethods=56 adapters=146
 compilation: enabled

Compilation events (10 events):
Event: 0.315 Thread 0x0000000019c91000 nmethod 51 0x0000000002c81610 code [0x0000000002c817a0, 0x0000000002c81f98]
Event: 0.317 Thread 0x0000000019c87800 nmethod 53 0x0000000002c84f50 code [0x0000000002c850e0, 0x0000000002c858d8]
Event: 0.324 Thread 0x0000000019cc4800 nmethod 52 0x0000000002c85c50 code [0x0000000002c85de0, 0x0000000002c865d8]
Event: 0.564 Thread 0x0000000019cd9800   54 %     3       cube.Solve::toSolve @ 135 (725 bytes)
Event: 0.581 Thread 0x0000000019cd9800 nmethod 54% 0x0000000002c86950 code [0x0000000002c872e0, 0x0000000002c8e2a8]
Event: 0.583 Thread 0x0000000019cd9800   55       3       cube.Solve::toSolve (725 bytes)
Event: 0.583 Thread 0x0000000019c91000   56       4       cube.Solve::checkSide (103 bytes)
Event: 0.586 Thread 0x0000000019c91000 nmethod 56 0x0000000002c7f210 code [0x0000000002c7f340, 0x0000000002c7f458]
Event: 0.597 Thread 0x0000000019cd9800 nmethod 55 0x0000000002c94450 code [0x0000000002c94de0, 0x0000000002c9b9c8]
Event: 0.748 Thread 0x0000000019c87800   57 %     4       cube.Solve::toSolve @ 135 (725 bytes)

GC Heap History (10 events):
Event: 0.487 GC heap before
{Heap before GC invocations=4 (full 0):
 PSYoungGen      total 38400K, used 33728K [0x00000000d5800000, 0x00000000da300000, 0x0000000100000000)
  eden space 33280K, 100% used [0x00000000d5800000,0x00000000d7880000,0x00000000d7880000)
  from space 5120K, 8% used [0x00000000d7880000,0x00000000d78f0020,0x00000000d7d80000)
  to   space 5120K, 0% used [0x00000000d9e00000,0x00000000d9e00000,0x00000000da300000)
 ParOldGen       total 87552K, used 8K [0x0000000080800000, 0x0000000085d80000, 0x00000000d5800000)
  object space 87552K, 0% used [0x0000000080800000,0x0000000080802000,0x0000000085d80000)
 Metaspace       used 2545K, capacity 4564K, committed 4864K, reserved 1056768K
  class space    used 283K, capacity 388K, committed 512K, reserved 1048576K
Event: 0.490 GC heap after
Heap after GC invocations=4 (full 0):
 PSYoungGen      total 71680K, used 352K [0x00000000d5800000, 0x00000000da300000, 0x0000000100000000)
  eden space 66560K, 0% used [0x00000000d5800000,0x00000000d5800000,0x00000000d9900000)
  from space 5120K, 6% used [0x00000000d9e00000,0x00000000d9e58020,0x00000000da300000)
  to   space 5120K, 0% used [0x00000000d9900000,0x00000000d9900000,0x00000000d9e00000)
 ParOldGen       total 87552K, used 8K [0x0000000080800000, 0x0000000085d80000, 0x00000000d5800000)
  object space 87552K, 0% used [0x0000000080800000,0x0000000080802000,0x0000000085d80000)
 Metaspace       used 2545K, capacity 4564K, committed 4864K, reserved 1056768K
  class space    used 283K, capacity 388K, committed 512K, reserved 1048576K
}
Event: 0.612 GC heap before
{Heap before GC invocations=5 (full 0):
 PSYoungGen      total 71680K, used 66912K [0x00000000d5800000, 0x00000000da300000, 0x0000000100000000)
  eden space 66560K, 100% used [0x00000000d5800000,0x00000000d9900000,0x00000000d9900000)
  from space 5120K, 6% used [0x00000000d9e00000,0x00000000d9e58020,0x00000000da300000)
  to   space 5120K, 0% used [0x00000000d9900000,0x00000000d9900000,0x00000000d9e00000)
 ParOldGen       total 87552K, used 8K [0x0000000080800000, 0x0000000085d80000, 0x00000000d5800000)
  object space 87552K, 0% used [0x0000000080800000,0x0000000080802000,0x0000000085d80000)
 Metaspace       used 2552K, capacity 4564K, committed 4864K, reserved 1056768K
  class space    used 283K, capacity 388K, committed 512K, reserved 1048576K
Event: 0.615 GC heap after
Heap after GC invocations=5 (full 0):
 PSYoungGen      total 71680K, used 368K [0x00000000d5800000, 0x00000000ddb00000, 0x0000000100000000)
  eden space 66560K, 0% used [0x00000000d5800000,0x00000000d5800000,0x00000000d9900000)
  from space 5120K, 7% used [0x00000000d9900000,0x00000000d995c010,0x00000000d9e00000)
  to   space 512K, 0% used [0x00000000dda80000,0x00000000dda80000,0x00000000ddb00000)
 ParOldGen       total 87552K, used 8K [0x0000000080800000, 0x0000000085d80000, 0x00000000d5800000)
  object space 87552K, 0% used [0x0000000080800000,0x0000000080802000,0x0000000085d80000)
 Metaspace       used 2552K, capacity 4564K, committed 4864K, reserved 1056768K
  class space    used 283K, capacity 388K, committed 512K, reserved 1048576K
}
Event: 0.708 GC heap before
{Heap before GC invocations=6 (full 0):
 PSYoungGen      total 71680K, used 66928K [0x00000000d5800000, 0x00000000ddb00000, 0x0000000100000000)
  eden space 66560K, 100% used [0x00000000d5800000,0x00000000d9900000,0x00000000d9900000)
  from space 5120K, 7% used [0x00000000d9900000,0x00000000d995c010,0x00000000d9e00000)
  to   space 512K, 0% used [0x00000000dda80000,0x00000000dda80000,0x00000000ddb00000)
 ParOldGen       total 87552K, used 8K [0x0000000080800000, 0x0000000085d80000, 0x00000000d5800000)
  object space 87552K, 0% used [0x0000000080800000,0x0000000080802000,0x0000000085d80000)
 Metaspace       used 2552K, capacity 4564K, committed 4864K, reserved 1056768K
  class space    used 283K, capacity 388K, committed 512K, reserved 1048576K
Event: 0.711 GC heap after
Heap after GC invocations=6 (full 0):
 PSYoungGen      total 133632K, used 416K [0x00000000d5800000, 0x00000000ddb00000, 0x0000000100000000)
  eden space 133120K, 0% used [0x00000000d5800000,0x00000000d5800000,0x00000000dda00000)
  from space 512K, 81% used [0x00000000dda80000,0x00000000ddae8000,0x00000000ddb00000)
  to   space 512K, 0% used [0x00000000dda00000,0x00000000dda00000,0x00000000dda80000)
 ParOldGen       total 87552K, used 16K [0x0000000080800000, 0x0000000085d80000, 0x00000000d5800000)
  object space 87552K, 0% used [0x0000000080800000,0x0000000080804000,0x0000000085d80000)
 Metaspace       used 2552K, capacity 4564K, committed 4864K, reserved 1056768K
  class space    used 283K, capacity 388K, committed 512K, reserved 1048576K
}
Event: 0.971 GC heap before
{Heap before GC invocations=7 (full 0):
 PSYoungGen      total 133632K, used 133536K [0x00000000d5800000, 0x00000000ddb00000, 0x0000000100000000)
  eden space 133120K, 100% used [0x00000000d5800000,0x00000000dda00000,0x00000000dda00000)
  from space 512K, 81% used [0x00000000dda80000,0x00000000ddae8000,0x00000000ddb00000)
  to   space 512K, 0% used [0x00000000dda00000,0x00000000dda00000,0x00000000dda80000)
 ParOldGen       total 87552K, used 16K [0x0000000080800000, 0x0000000085d80000, 0x00000000d5800000)
  object space 87552K, 0% used [0x0000000080800000,0x0000000080804000,0x0000000085d80000)
 Metaspace       used 2552K, capacity 4564K, committed 4864K, reserved 1056768K
  class space    used 283K, capacity 388K, committed 512K, reserved 1048576K
Event: 0.974 GC heap after
Heap after GC invocations=7 (full 0):
 PSYoungGen      total 133632K, used 0K [0x00000000d5800000, 0x00000000ddb00000, 0x0000000100000000)
  eden space 133120K, 0% used [0x00000000d5800000,0x00000000d5800000,0x00000000dda00000)
  from space 512K, 0% used [0x00000000dda00000,0x00000000dda00000,0x00000000dda80000)
  to   space 512K, 0% used [0x00000000dda80000,0x00000000dda80000,0x00000000ddb00000)
 ParOldGen       total 87552K, used 344K [0x0000000080800000, 0x0000000085d80000, 0x00000000d5800000)
  object space 87552K, 0% used [0x0000000080800000,0x0000000080856050,0x0000000085d80000)
 Metaspace       used 2552K, capacity 4564K, committed 4864K, reserved 1056768K
  class space    used 283K, capacity 388K, committed 512K, reserved 1048576K
}
Event: 1.167 GC heap before
{Heap before GC invocations=8 (full 0):
 PSYoungGen      total 133632K, used 133120K [0x00000000d5800000, 0x00000000ddb00000, 0x0000000100000000)
  eden space 133120K, 100% used [0x00000000d5800000,0x00000000dda00000,0x00000000dda00000)
  from space 512K, 0% used [0x00000000dda00000,0x00000000dda00000,0x00000000dda80000)
  to   space 512K, 0% used [0x00000000dda80000,0x00000000dda80000,0x00000000ddb00000)
 ParOldGen       total 87552K, used 344K [0x0000000080800000, 0x0000000085d80000, 0x00000000d5800000)
  object space 87552K, 0% used [0x0000000080800000,0x0000000080856050,0x0000000085d80000)
 Metaspace       used 2552K, capacity 4564K, committed 4864K, reserved 1056768K
  class space    used 283K, capacity 388K, committed 512K, reserved 1048576K
Event: 1.169 GC heap after
Heap after GC invocations=8 (full 0):
 PSYoungGen      total 133632K, used 64K [0x00000000d5800000, 0x00000000ddb00000, 0x0000000100000000)
  eden space 133120K, 0% used [0x00000000d5800000,0x00000000d5800000,0x00000000dda00000)
  from space 512K, 12% used [0x00000000dda80000,0x00000000dda90000,0x00000000ddb00000)
  to   space 512K, 0% used [0x00000000dda00000,0x00000000dda00000,0x00000000dda80000)
 ParOldGen       total 87552K, used 344K [0x0000000080800000, 0x0000000085d80000, 0x00000000d5800000)
  object space 87552K, 0% used [0x0000000080800000,0x0000000080856050,0x0000000085d80000)
 Metaspace       used 2552K, capacity 4564K, committed 4864K, reserved 1056768K
  class space    used 283K, capacity 388K, committed 512K, reserved 1048576K
}

Deoptimization events (0 events):
No events

Internal exceptions (2 events):
Event: 0.099 Thread 0x0000000002a60800 Exception <a 'java/lang/NoSuchMethodError': Method sun.misc.Unsafe.defineClass(Ljava/lang/String;[BII)Ljava/lang/Class; name or signature does not match> (0x00000000d5813058) thrown at [C:\re\workspace\8-2-build-windows-amd64-cygwin\jdk8u60\4407\hotspot\srå€‰ D¹?
Event: 0.099 Thread 0x0000000002a60800 Exception <a 'java/lang/NoSuchMethodError': Method sun.misc.Unsafe.prefetchRead(Ljava/lang/Object;J)V name or signature does not match> (0x00000000d5813340) thrown at [C:\re\workspace\8-2-build-windows-amd64-cygwin\jdk8u60\4407\hotspot\src\share\vm\prims\j

Events (10 events):
Event: 0.487 Executing VM operation: ParallelGCFailedAllocation
Event: 0.491 Executing VM operation: ParallelGCFailedAllocation done
Event: 0.612 Executing VM operation: ParallelGCFailedAllocation
Event: 0.615 Executing VM operation: ParallelGCFailedAllocation done
Event: 0.708 Executing VM operation: ParallelGCFailedAllocation
Event: 0.711 Executing VM operation: ParallelGCFailedAllocation done
Event: 0.970 Executing VM operation: ParallelGCFailedAllocation
Event: 0.974 Executing VM operation: ParallelGCFailedAllocation done
Event: 1.167 Executing VM operation: ParallelGCFailedAllocation
Event: 1.170 Executing VM operation: ParallelGCFailedAllocation done


Dynamic libraries:
0x00007ff7c4ad0000 - 0x00007ff7c4b07000 	C:\Program Files\Java\jre1.8.0_60\bin\javaw.exe
0x00007ffa93270000 - 0x00007ffa93434000 	C:\WINDOWS\SYSTEM32\ntdll.dll
0x00007ffa93030000 - 0x00007ffa930de000 	C:\WINDOWS\system32\KERNEL32.DLL
0x00007ffa90560000 - 0x00007ffa90745000 	C:\WINDOWS\system32\KERNELBASE.dll
0x00007ffa911b0000 - 0x00007ffa91256000 	C:\WINDOWS\system32\ADVAPI32.dll
0x00007ffa91410000 - 0x00007ffa914ad000 	C:\WINDOWS\system32\msvcrt.dll
0x00007ffa907e0000 - 0x00007ffa9083b000 	C:\WINDOWS\system32\sechost.dll
0x00007ffa93140000 - 0x00007ffa9326c000 	C:\WINDOWS\system32\RPCRT4.dll
0x00007ffa92d00000 - 0x00007ffa92e56000 	C:\WINDOWS\system32\USER32.dll
0x00007ffa92e60000 - 0x00007ffa92fe9000 	C:\WINDOWS\system32\GDI32.dll
0x00007ffa83050000 - 0x00007ffa832c2000 	C:\WINDOWS\WinSxS\amd64_microsoft.windows.common-controls_6595b64144ccf1df_6.0.10547.0_none_8c16aeec515d3435\COMCTL32.dll
0x00007ffa92ff0000 - 0x00007ffa9302b000 	C:\WINDOWS\system32\IMM32.DLL
0x0000000057bc0000 - 0x0000000057c92000 	C:\Program Files\Java\jre1.8.0_60\bin\msvcr100.dll
0x0000000057e50000 - 0x00000000586d9000 	C:\Program Files\Java\jre1.8.0_60\bin\server\jvm.dll
0x00007ffa914b0000 - 0x00007ffa914b8000 	C:\WINDOWS\system32\PSAPI.DLL
0x00007ffa8aa40000 - 0x00007ffa8aa49000 	C:\WINDOWS\SYSTEM32\WSOCK32.dll
0x00007ffa92b60000 - 0x00007ffa92bcb000 	C:\WINDOWS\system32\WS2_32.dll
0x00007ffa8d990000 - 0x00007ffa8d9b3000 	C:\WINDOWS\SYSTEM32\WINMM.dll
0x00007ffa8cc50000 - 0x00007ffa8cc5a000 	C:\WINDOWS\SYSTEM32\VERSION.dll
0x00007ffa8d930000 - 0x00007ffa8d95c000 	C:\WINDOWS\SYSTEM32\WINMMBASE.dll
0x00007ffa90510000 - 0x00007ffa90554000 	C:\WINDOWS\system32\cfgmgr32.dll
0x0000000057d60000 - 0x0000000057d6f000 	C:\Program Files\Java\jre1.8.0_60\bin\verify.dll
0x0000000057d30000 - 0x0000000057d59000 	C:\Program Files\Java\jre1.8.0_60\bin\java.dll
0x0000000057d10000 - 0x0000000057d26000 	C:\Program Files\Java\jre1.8.0_60\bin\zip.dll
0x00007ffa914c0000 - 0x00007ffa92a10000 	C:\WINDOWS\system32\SHELL32.dll
0x00007ffa8fc90000 - 0x00007ffa902c9000 	C:\WINDOWS\system32\windows.storage.dll
0x00007ffa90a20000 - 0x00007ffa90c9b000 	C:\WINDOWS\system32\combase.dll
0x00007ffa904a0000 - 0x00007ffa9050a000 	C:\WINDOWS\system32\bcryptPrimitives.dll
0x00007ffa90780000 - 0x00007ffa907d1000 	C:\WINDOWS\system32\shlwapi.dll
0x00007ffa8fab0000 - 0x00007ffa8fabf000 	C:\WINDOWS\system32\kernel.appcore.dll
0x00007ffa90380000 - 0x00007ffa90433000 	C:\WINDOWS\system32\shcore.dll
0x00007ffa8fa30000 - 0x00007ffa8fa7a000 	C:\WINDOWS\system32\powrprof.dll
0x00007ffa8fa80000 - 0x00007ffa8fa93000 	C:\WINDOWS\system32\profapi.dll

VM Arguments:
jvm_args: -Dfile.encoding=Cp1251 
java_command: cube.Elements
java_class_path (initial): E:\eclipse\workspace\Cube\bin
Launcher Type: SUN_STANDARD

Environment Variables:
PATH=C:/Program Files/Java/jre1.8.0_60/bin/server;C:/Program Files/Java/jre1.8.0_60/bin;C:/Program Files/Java/jre1.8.0_60/lib/amd64;C:\ProgramData\Oracle\Java\javapath;C:\Program Files (x86)\NVIDIA Corporation\PhysX\Common;C:\WINDOWS\system32;C:\WINDOWS;C:\WINDOWS\System32\Wbem;C:\WINDOWS\System32\WindowsPowerShell\v1.0\;C:\Program Files (x86)\ATI Technologies\ATI.ACE\Core-Static;C:\Program Files (x86)\AMD\ATI.ACE\Core-Static;C:\Program Files (x86)\Skype\Phone\;E:\eclipse;
USERNAME=faa11
OS=Windows_NT
PROCESSOR_IDENTIFIER=AMD64 Family 21 Model 2 Stepping 0, AuthenticAMD



---------------  S Y S T E M  ---------------

OS: Windows 10.0 , 64 bit Build 10547 (10.0.10547.0)

CPU:total 8 (8 cores per cpu, 1 threads per core) family 21 model 2 stepping 0, cmov, cx8, fxsr, mmx, sse, sse2, sse3, ssse3, sse4.1, sse4.2, popcnt, avx, aes, clmul, mmxext, 3dnowpref, lzcnt, sse4a, tsc, tscinvbit, tscinv, bmi1

Memory: 4k page, physical 8352420k(1865332k free), swap 8352420k(6124k free)

vm_info: Java HotSpot(TM) 64-Bit Server VM (25.60-b23) for windows-amd64 JRE (1.8.0_60-b27), built on Aug  4 2015 11:06:27 by "java_re" with MS VC++ 10.0 (VS2010)

time: Thu Oct 01 22:50:06 2015
elapsed time: 1 seconds (0d 0h 0m 1s)

